Arguments: 
  /usr/local/bin/node /usr/local/bin/yarn

PATH: 
  /usr/local/bin:/usr/bin:/bin:/usr/sbin:/sbin:/Applications/VMware Fusion.app/Contents/Public:/Library/Apple/usr/bin:/Users/xupengfei/miniconda3/bin:/Users/xupengfei/miniconda3/condabin:/Users/xupengfei/.sdkman/candidates/maven/current/bin:/Users/xupengfei/.sdkman/candidates/java/current/bin:/Users/xupengfei/.sdkman/candidates/gradle/current/bin:/Users/xupengfei/Library/Android/sdk/emulator:/Users/xupengfei/Library/Android/sdk/tools:/Users/xupengfei/Library/Android/sdk/tools/bin:/Users/xupengfei/Library/Android/sdk/platform-tools:/Users/xupengfei/Library/Android/sdk/emulator:/Users/xupengfei/Library/Android/sdk/tools:/Users/xupengfei/Library/Android/sdk/tools/bin:/Users/xupengfei/Library/Android/sdk/platform-tools

Yarn version: 
  1.22.10

Node version: 
  14.17.0

Platform: 
  darwin x64

Trace: 
  SyntaxError: /Users/xupengfei/workplace/learn/webpack/webpack-template/react-simple/package.json: Unexpected token } in JSON at position 753
      at JSON.parse (<anonymous>)
      at /usr/local/lib/node_modules/yarn/lib/cli.js:1625:59
      at Generator.next (<anonymous>)
      at step (/usr/local/lib/node_modules/yarn/lib/cli.js:310:30)
      at /usr/local/lib/node_modules/yarn/lib/cli.js:321:13

npm manifest: 
  {
    "name": "react-simple",
    "version": "1.0.0",
    "main": "main.js",
    "repository": "",
    "description": "react-simple",
    "scripts": {
      "dev": "cross-env NODE_ENV=development webpack serve",
      "build": "cross-env NODE_ENV=production webpack --mode production",
      "serve": "serve dist",
      "test": "npm run build && npm run serve",
      "lint": "eslint --fix \"src/**/*.{js,ts,jsx,tsx}\" \"src/**/*.vue\"",
      "format": "prettier --write \"src/**/*.{js,ts,jsx,tsx}\" \"src/**/*.vue\" ./*.{js,ts}"
    },
    "husky": {
      "hooks": {
        "pre-commit": "lint-staged"
      }
    },
    "lint-staged": {
      "src/**/*.{ts,vue}": [
        "prettier --write",
        "eslint --fix"
      ]
    },
    "dependencies": {
      "@babel/runtime": "^7.15.4",
      "core-js": "^3.17.3",
    },
    "devDependencies": {
      "@babel/core": "^7.15.5",
      "@babel/plugin-proposal-class-properties": "^7.14.5",
      "@babel/plugin-proposal-decorators": "^7.15.4",
      "@babel/plugin-syntax-dynamic-import": "^7.8.3",
      "@babel/plugin-transform-runtime": "^7.15.0",
      "@babel/preset-env": "^7.15.6",
      "babel-loader": "^8.2.2",
      "clean-webpack-plugin": "^4.0.0",
      "cross-env": "^7.0.3",
      "css-loader": "^6.2.0",
      "eslint": "^7.32.0",
      "eslint-config-prettier": "^8.3.0",
      "eslint-plugin-prettier": "^4.0.0",
      "eslint-plugin-vue": "^7.18.0",
      "html-webpack-plugin": "^5.3.2",
      "husky": "^4.3.6",
      "lint-staged": "^11.1.2",
      "mini-css-extract-plugin": "^2.3.0",
      "node-sass": "^6.0.1",
      "postcss": "^8.3.6",
      "postcss-loader": "^6.1.1",
      "postcss-preset-env": "^6.7.0",
      "prettier": "^2.4.1",
      "sass": "^1.41.1",
      "sass-loader": "^12.1.0",
      "serve": "^12.0.1",
      "style-loader": "^3.2.1",
      "webpack": "^5.53.0",
      "webpack-cli": "^4.8.0",
      "webpack-dev-server": "^4.2.1"
    }
  }

yarn manifest: 
  No manifest

Lockfile: 
  No lockfile
