Arguments: 
  /usr/local/bin/node /usr/local/bin/yarn

PATH: 
  /Users/xupengfei/miniconda3/bin:/usr/local/bin:/usr/bin:/bin:/usr/sbin:/sbin:/Applications/VMware Fusion.app/Contents/Public:/Library/Apple/usr/bin:/Users/xupengfei/miniconda3/bin:/Users/xupengfei/.sdkman/candidates/maven/current/bin:/Users/xupengfei/.sdkman/candidates/java/current/bin:/Users/xupengfei/.sdkman/candidates/gradle/current/bin:/Users/xupengfei/Library/Android/sdk/emulator:/Users/xupengfei/Library/Android/sdk/tools:/Users/xupengfei/Library/Android/sdk/tools/bin:/Users/xupengfei/Library/Android/sdk/platform-tools:/Users/xupengfei/Library/Android/sdk/emulator:/Users/xupengfei/Library/Android/sdk/tools:/Users/xupengfei/Library/Android/sdk/tools/bin:/Users/xupengfei/Library/Android/sdk/platform-tools

Yarn version: 
  1.22.17

Node version: 
  14.18.1

Platform: 
  darwin x64

Trace: 
  Error: connect ECONNREFUSED 180.101.198.239:443
      at TCPConnectWrap.afterConnect [as oncomplete] (net.js:1159:16)

npm manifest: 
  {
      "name": "react-simple",
      "version": "1.0.0",
      "main": "main.js",
      "repository": "",
      "description": "react-simple",
      "scripts": {
          "start": "npm run vite:dev",
          "dev": "cross-env NODE_ENV=development webpack serve --mode development",
          "vite:dev": "vite --port=8000",
          "build": "cross-env NODE_ENV=production webpack --mode production",
          "serve": "serve dist",
          "test": "npm run build && npm run serve",
          "lint": "eslint --fix \"src/**/*.{js,ts,jsx,tsx}\"",
          "format": "prettier --write \"src/**/*.{js,ts,jsx,tsx}\" ./*.{js,ts}"
      },
      "lint-staged": {
          "src/**/*.{ts,jsx}": [
              "prettier --write",
              "eslint --fix"
          ]
      },
      "dependencies": {
          "@babel/runtime": "^7.15.4",
          "babel-polyfill": "^6.26.0",
          "core-js": "^3.17.3",
          "react": "^17.0.2",
          "react-dom": "^17.0.2"
      },
      "devDependencies": {
          "@babel/core": "^7.15.5",
          "@babel/plugin-proposal-class-properties": "^7.14.5",
          "@babel/plugin-proposal-decorators": "^7.15.4",
          "@babel/plugin-syntax-dynamic-import": "^7.8.3",
          "@babel/plugin-transform-runtime": "^7.15.0",
          "@babel/preset-env": "^7.15.6",
          "@babel/preset-react": "^7.14.5",
          "@types/react": "^17.0.21",
          "@types/react-dom": "^17.0.9",
          "@vitejs/plugin-react-refresh": "^1.3.6",
          "babel-loader": "^8.2.2",
          "clean-webpack-plugin": "^4.0.0",
          "copy-webpack-plugin": "^9.0.1",
          "cross-env": "^7.0.3",
          "css-loader": "^6.2.0",
          "eslint": "^7.32.0",
          "eslint-config-prettier": "^8.3.0",
          "eslint-plugin-prettier": "^4.0.0",
          "eslint-plugin-react": "^7.25.2",
          "html-webpack-plugin": "^5.3.2",
          "husky": "^4.3.6",
          "lint-staged": "^11.1.2",
          "mini-css-extract-plugin": "^2.3.0",
          "prettier": "^2.4.1",
          "serve": "^12.0.1",
          "style-loader": "^3.2.1",
          "terser-webpack-plugin": "^5.2.4",
          "thread-loader": "^3.0.4",
          "ts-loader": "^9.2.5",
          "typescript": "^4.4.3",
          "vite": "^2.5.10",
          "webpack": "^5.53.0",
          "webpack-bundle-analyzer": "^4.4.2",
          "webpack-cli": "^4.8.0",
          "webpack-dev-server": "^4.2.1"
      }
  }

yarn manifest: 
  No manifest

Lockfile: 
  No lockfile
